{
  "RSpec": {
    "coverage": {
      "/home/casual-network-3754/tic-tac-toe-rb-ruby-apply-000/lib/tic_tac_toe.rb": [
        null,
        null,
        1,
        null,
        null,
        null,
        null,
        null,
        null,
        null,
        null,
        null,
        null,
        1,
        4,
        4,
        4,
        4,
        4,
        null,
        null,
        1,
        6,
        null,
        null,
        1,
        5,
        null,
        null,
        1,
        9,
        null,
        null,
        1,
        6,
        null,
        null,
        1,
        3,
        3,
        3,
        3,
        2,
        2,
        null,
        1,
        null,
        null,
        null,
        1,
        4,
        36,
        null,
        null,
        null,
        1,
        3,
        3,
        null,
        0,
        null,
        null,
        null,
        1,
        2,
        14,
        null,
        null,
        null,
        null,
        null,
        null,
        null,
        null,
        null
      ]
    },
    "timestamp": 1599431134
  }
}
